1607412751167	geckodriver	INFO	Listening on 127.0.0.1:56280
1607412754265	mozrunner::runner	INFO	Running command: "C:\\Program Files\\Mozilla Firefox\\firefox.exe" "--marionette" "-foreground" "-no-remote" "-profile" "C:\\Users\\OLIVER~1.UHL\\AppData\\Local\\Temp\\rust_mozprofilezfQZuf"
Can't find symbol 'eglSwapBuffersWithDamageEXT'.
Can't find symbol 'eglSetDamageRegionKHR'.
JavaScript error: resource://gre/modules/XULStore.jsm, line 66: Error: Can't find profile directory.
console.warn: SearchSettings: "get: No settings file exists, new profile?" (new Error("", "(unknown module)"))
1607412756748	Marionette	INFO	Listening on port 56289
1607412756950	Marionette	WARN	TLS certificate errors will be ignored for this session
JavaScript error: https://st-ar.cdn.postman.com/requester-47b367213e63152cf778.min.js, line 987: Error: ConfigurationService: Could not get config. Key does not exist
JavaScript warning: resource://devtools/client/shared/demangle.js, line 0: Successfully compiled asm.js code (total compilation time 82ms)
console.error: "Error sending event: serverWebSocketClosed"
console.error: (new Error("undefined passed where a value is required", "resource://devtools/shared/protocol/types.js", 115))
Error: undefined passed where a value is required: identityWrite@resource://devtools/shared/protocol/types.js:115:11
write@resource://devtools/shared/protocol/Request.js:117:22
write@resource://devtools/shared/protocol/Request.js:43:26
_sendEvent@resource://devtools/shared/protocol/Actor.js:66:24
initialize/<@resource://devtools/shared/protocol/Actor.js:46:16
_emit@resource://devtools/shared/event-emitter.js:226:34
emit@resource://devtools/shared/event-emitter.js:172:18
emit@resource://devtools/shared/event-emitter.js:324:18
webSocketClosed@resource://devtools/server/actors/network-monitor/websocket-actor.js:96:10

JavaScript error: https://st-ar.cdn.postman.com/requester-47b367213e63152cf778.min.js, line 987: Error: ConfigurationService: Could not get config. Key does not exist
console.error: (new TypeError("container.node.targetFront is null", "resource://devtools/client/inspector/markup/markup.js", 2252))
1607413258297	Marionette	INFO	Stopped listening on port 56289

###!!! [Child][RunMessage] Error: Channel closing: too late to send/recv, messages will be lost


###!!! [Child][MessageChannel::SendAndWait] Error: Channel error: cannot send/recv

